t20181018_051229_c25086860_r10.0_r396_test.log::25086860::2018/10/15::TITAN X (Pascal)::10.0::Linux-3.16.0-30-generic-x86_64-with-Ubuntu-14.04-trusty::x86_64::Linux::user-All-Series::396::0::141::0::141::cudnn_layer_tests::
t20181018_062553_c25100979_r10.0_r418_test.log::25100979::2018/10/17::Quadro K5000::10.0::Linux-4.4.0-133-generic-x86_64-with-Ubuntu-16.04-xenial::x86_64::Linux::eris-ub16-t070::418::1998::0::374::2372::cudnn_layer_tests::
t20181018_065732_c25100979_r10.0_r123456_test.log::25100979::2018/10/17::123456::10.0::Darwin-17.7.0-x86_64-i386-64bit::i386::Darwin::eris-mac-t004::123456::1926::0::50::1976::cudnn_layer_tests::
t20181018_070519_c25100979_r10.0_r123456_test.log::25100979::2018/10/17::No devices were found::10.0::Linux-4.14.0-49.el7a.ppc64le-ppc64le-with-redhat-7.5-Maipo::ppc64le::Linux::eris-p9-t004::123456::0::20::0::20::cudnn_layer_tests::
t20181018_071444_c25100499_r10.0_r418_test.log::25100499::2018/10/17::Quadro RTX 6000::10.0::Linux-3.10.0-862.el7.x86_64-x86_64-with-redhat-7.5-Maipo::x86_64::Linux::eris-rh7-t073::418::2371::0::1::2372::cudnn_layer_tests::
t20181018_073652_c25100979_r10.0_r418_test.log::25100979::2018/10/17::Quadro RTX 5000::10.0::Linux-4.4.0-116-generic-x86_64-with-Ubuntu-16.04-xenial::x86_64::Linux::eris-ub16-t146::418::2235::0::137::2372::cudnn_layer_tests::
t20181018_074725_c25100499_r10.0_r418_test.log::25100499::2018/10/17::Tesla P40::10.0::Linux-4.4.0-36-generic-x86_64-with-Ubuntu-14.04-trusty::x86_64::Linux::eris-ub14-t028::418::2236::0::136::2372::cudnn_layer_tests::
t20181018_081025_c25100979_r10.0_r418_test.log::25100979::2018/10/17::Tesla P4::10.0::Linux-4.4.0-133-generic-x86_64-with-Ubuntu-16.04-xenial::x86_64::Linux::eris-ub16-t108::418::2162::0::210::2372::cudnn_layer_tests::
t20181018_124001_c25100979_r10.0_r418_test.log::25100979::2018/10/17::Tesla V100-DGXS-16GB::10.0::Linux-4.4.0-130-generic-x86_64-with-Ubuntu-16.04-xenial::x86_64::Linux::eris-dgsv-t000::418::2372::0::0::2372::cudnn_layer_tests::
t20181018_135159_c25100979_r10.0_r418_test.log::25100979::2018/10/17::Quadro K5000::10.0::Linux-4.4.0-133-generic-x86_64-with-Ubuntu-16.04-xenial::x86_64::Linux::eris-ub16-t070::418::1998::0::374::2372::cudnn_layer_tests::
t20181018_142511_c25100979_r10.0_r418_test.log::25100979::2018/10/17::Quadro RTX 5000::10.0::Linux-4.4.0-116-generic-x86_64-with-Ubuntu-16.04-xenial::x86_64::Linux::eris-ub16-t146::418::2235::0::137::2372::cudnn_layer_tests::
t20181018_163354_c25100499_r10.0_r418_test.log::25100499::2018/10/17::Tesla P40::10.0::Linux-4.4.0-36-generic-x86_64-with-Ubuntu-14.04-trusty::x86_64::Linux::eris-ub14-t028::418::2236::0::136::2372::cudnn_layer_tests::
t20181018_211132_c25100499_r10.0_r418_test.log::25100499::2018/10/17::Tesla K80::10.0::Linux-4.2.0-42-generic-x86_64-with-Ubuntu-14.04-trusty::x86_64::Linux::eris-ub14-vt029::418::2003::0::369::2372::cudnn_layer_tests::
t20181019_025003_c25100979_r10.0_r418_test.log::25100979::2018/10/17::Tesla P4::10.0::Linux-4.4.0-133-generic-x86_64-with-Ubuntu-16.04-xenial::x86_64::Linux::eris-ub16-t108::418::2162::0::210::2372::cudnn_layer_tests::
t20181019_025103_c25100979_r10.0_r418_test.log::25100979::2018/10/17::Quadro RTX 6000::10.0::Linux-3.10.0-862.el7.x86_64-x86_64-with-redhat-7.5-Maipo::x86_64::Linux::eris-rh7-t073::418::2371::0::1::2372::cudnn_layer_tests::
t20181019_042313_c25100979_r10.0_r418_test.log::25100979::2018/10/17::Tesla V100-DGXS-16GB::10.0::Linux-4.4.0-130-generic-x86_64-with-Ubuntu-16.04-xenial::x86_64::Linux::eris-dgsv-t000::418::2372::0::0::2372::cudnn_layer_tests::
t20181019_045539_c25100979_r10.0_r418_test.log::25100979::2018/10/17::TITAN V::10.0::Linux-4.4.0-133-generic-x86_64-with-Ubuntu-16.04-xenial::x86_64::Linux::eris-ub16-t090::418::2371::0::1::2372::cudnn_layer_tests::
t20181019_064620_c25100979_r10.0_r418_test.log::25100979::2018/10/17::TITAN V::10.0::Linux-4.4.0-133-generic-x86_64-with-Ubuntu-16.04-xenial::x86_64::Linux::eris-ub16-t090::418::2371::0::1::2372::cudnn_layer_tests::
t20181020_033350_c25086860_r10.0_r396_test.log::25086860::2018/10/15::TITAN X (Pascal)::10.0::Linux-3.16.0-30-generic-x86_64-with-Ubuntu-14.04-trusty::x86_64::Linux::user-All-Series::396::0::141::0::141::cudnn_layer_tests::
t20181020_034139_c25086860_r10.0_r396_test.log::25086860::2018/10/15::TITAN X (Pascal)::10.0::Linux-3.16.0-30-generic-x86_64-with-Ubuntu-14.04-trusty::x86_64::Linux::user-All-Series::396::0::143::0::143::cudnn_layer_tests::
t20181020_041618_c25086860_r10.0_r396_test.log::25086860::2018/10/15::TITAN X (Pascal)::10.0::Linux-3.16.0-30-generic-x86_64-with-Ubuntu-14.04-trusty::x86_64::Linux::user-All-Series::396::0::143::0::143::cudnn_layer_tests::
